[Fri, 12 Oct 2018 14:52:31 +0000] LOG [Login]: silver inició sesión.
[Tue, 23 Oct 2018 23:06:44 +0000] LOG [Login]: silver inició sesión.
[Thu, 25 Oct 2018 13:54:09 +0000] LOG [Login]: silver inició sesión.
[Wed, 07 Nov 2018 14:40:06 +0000] LOG [Login]: silver inició sesión.
[Thu, 15 Nov 2018 13:45:13 +0000] LOG [Login]: silver inició sesión.
[Thu, 15 Nov 2018 11:01:18 -0300] LOG [Login]: silver inició sesión.
[Thu, 15 Nov 2018 14:01:34 +0000] LOG [Login]: nelson inició sesión.
[Thu, 15 Nov 2018 14:03:00 +0000] LOG [Login]: silver inició sesión.
[Mon, 03 Dec 2018 10:28:25 -0300] LOG [Login]: silver inició sesión.
[Mon, 03 Dec 2018 13:30:50 +0000] LOG [Login]: silver inició sesión.
[Mon, 03 Dec 2018 13:42:28 +0000] LOG [Login]: silver inició sesión.
[Mon, 03 Dec 2018 13:55:40 +0000] LOG [Login]: silver inició sesión.
[Mon, 03 Dec 2018 13:56:40 +0000] LOG [Login]: silver inició sesión.
[Mon, 03 Dec 2018 14:25:21 +0000] LOG [Login]: silver inició sesión.
[Mon, 03 Dec 2018 14:39:38 +0000] LOG [Login]: silver inició sesión.
[Mon, 03 Dec 2018 14:56:46 +0000] LOG [Login]: silver inició sesión.
[Mon, 03 Dec 2018 14:58:24 +0000] LOG [Login]: silver inició sesión.
[Mon, 03 Dec 2018 15:09:00 +0000] LOG [Login]: silver inició sesión.
[Mon, 03 Dec 2018 15:20:41 +0000] LOG [Login]: silver inició sesión.
[Mon, 03 Dec 2018 12:46:25 -0300] LOG [Login]: silver inició sesión.
[Mon, 03 Dec 2018 15:53:02 +0000] LOG [Login]: silver inició sesión.
[Mon, 03 Dec 2018 15:56:37 +0000] LOG [Login]: silver inició sesión.
[Mon, 03 Dec 2018 16:04:53 +0000] LOG [Login]: silver inició sesión.
[Mon, 03 Dec 2018 16:12:26 +0000] LOG [Login]: silver inició sesión.
[Mon, 03 Dec 2018 16:16:03 +0000] LOG [Login]: silver inició sesión.
[Mon, 03 Dec 2018 13:21:13 -0300] LOG [Login]: silver inició sesión.
[Mon, 03 Dec 2018 16:46:03 +0000] LOG [Login]: silver inició sesión.
[Mon, 03 Dec 2018 16:50:06 +0000] LOG [Login]: silver inició sesión.
[Mon, 03 Dec 2018 16:57:42 +0000] LOG [Login]: silver inició sesión.
[Mon, 03 Dec 2018 17:06:29 +0000] LOG [Login]: silver inició sesión.
[Mon, 03 Dec 2018 17:25:07 +0000] LOG [Login]: silver inició sesión.
[Mon, 03 Dec 2018 17:30:22 +0000] LOG [Login]: silver inició sesión.
[Tue, 04 Dec 2018 02:13:24 +0000] LOG [Login]: silver inició sesión.
[Thu, 14 Feb 2019 20:22:48 +0000] LOG [Login]: silver inició sesión.
[Sat, 20 Apr 2019 04:08:59 -0300] LOG [Login]: silver inició sesión.
